This is TeX, Version 3.14159265 (TeX Live 2015/dev/Debian) (preloaded format=tex 2015.8.9)  27 NOV 2015 11:18
**tmpcZ8TXf
(./tmpcZ8TXf.tex)
*\scrollmode


*\raiseerror%
! Undefined control sequence.
<*> \raiseerror
               %
The control sequence at the end of the top line
of your error message was never \def'ed. If you have
misspelled it (e.g., `\hobx'), type `I' and the correct
spelling (e.g., `I\hbox'). Otherwise just continue,
and I'll forget about whatever was undefined.


*\def\PyX{P\kern-.3em\lower.5ex\hbox{Y}\kern-.18em X}%

*\gdef\PyXBoxHAlign{0}%

*\newbox\PyXBox%
\PyXBox=\box16

*\newbox\PyXBoxHAligned%
\PyXBoxHAligned=\box17

*\newdimen\PyXDimenHAlignLT%
\PyXDimenHAlignLT=\dimen16

*\newdimen\PyXDimenHAlignRT%
\PyXDimenHAlignRT=\dimen17

*\gdef\PyXFlushHAlign{0}%

*\def\PyXragged{%

*\leftskip=0pt plus \PyXFlushHAlign fil%

*\rightskip=0pt plus 1fil%

*\advance\rightskip0pt plus -\PyXFlushHAlign fil%

*\parfillskip=0pt%

*\pretolerance=9999%

*\tolerance=9999%

*\parindent=0pt%

*\hyphenpenalty=9999%

*\exhyphenpenalty=9999}%

*\newbox\PyXBoxVBox%
\PyXBoxVBox=\box18

*\newdimen\PyXDimenVBox%
\PyXDimenVBox=\dimen18

*\newbox\PyXBoxVAlign%
\PyXBoxVAlign=\box19

*\newdimen\PyXDimenVAlign%
\PyXDimenVAlign=\dimen19

*\newdimen\PyXDimenVShift%
\PyXDimenVShift=\dimen20

*\long\def\ProcessPyXBox#1#2{%

*\setbox\PyXBox=\hbox{{#1}}%

*\PyXDimenHAlignLT=\PyXBoxHAlign\wd\PyXBox%

*\PyXDimenHAlignRT=\wd\PyXBox%

*\advance\PyXDimenHAlignRT by -\PyXDimenHAlignLT%

*\gdef\PyXBoxHAlign{0}%

*\immediate\write16{PyXBox:page=#2,lt=\the\PyXDimenHAlignLT,rt=\the\PyXDimenHAl
ignRT,ht=\the\ht\PyXBox,dp=\the\dp\PyXBox:}%

*\setbox\PyXBoxHAligned=\hbox{\kern-\PyXDimenHAlignLT\box\PyXBox}%

*\ht\PyXBoxHAligned0pt%

*{\count0=80\count1=121\count2=88\count3=#2\shipout\box\PyXBoxHAligned}}%

*\def\PyXInput#1{\immediate\write16{PyXInputMarker:executeid=#1:}}%

*\def\PyXMarker#1{\hskip0pt\special{PyX:marker #1}}%%

*\PyXInput{1}%
PyXInputMarker:executeid=1:

*% This automatically generated file is part of PyX (http://pyx.sourceforge.net
/).

*% \latexstylename="10pt"

*% \latexclassname="article"

*% \latexclassopt="10pt"

*% \latexinit=""

*\def\tiny{\font\pyxfont=cmr5\pyxfont\font\pyxfonttfa=cmr5\textfont0=\pyxfonttf
a\font\pyxfontsfa=cmr5\scriptfont0=\pyxfontsfa\font\pyxfontssfa=cmr5\scriptscri
ptfont0=\pyxfontssfa\font\pyxfonttfb=cmmi5\textfont1=\pyxfonttfb\font\pyxfontsf
b=cmmi5\scriptfont1=\pyxfontsfb\font\pyxfontssfb=cmmi5\scriptscriptfont1=\pyxfo
ntssfb\font\pyxfonttfc=cmsy5\textfont2=\pyxfonttfc\font\pyxfontsfc=cmsy5\script
font2=\pyxfontsfc\font\pyxfontssfc=cmsy5\scriptscriptfont2=\pyxfontssfc\font\py
xfonttfd=cmex10\textfont3=\pyxfonttfd\font\pyxfontsfd=cmex10\scriptfont3=\pyxfo
ntsfd\font\pyxfontssfd=cmex10\scriptscriptfont3=\pyxfontssfd}

*\def\scriptsize{\font\pyxfont=cmr7\pyxfont\font\pyxfonttfa=cmr7\textfont0=\pyx
fonttfa\font\pyxfontsfa=cmr5\scriptfont0=\pyxfontsfa\font\pyxfontssfa=cmr5\scri
ptscriptfont0=\pyxfontssfa\font\pyxfonttfb=cmmi7\textfont1=\pyxfonttfb\font\pyx
fontsfb=cmmi5\scriptfont1=\pyxfontsfb\font\pyxfontssfb=cmmi5\scriptscriptfont1=
\pyxfontssfb\font\pyxfonttfc=cmsy7\textfont2=\pyxfonttfc\font\pyxfontsfc=cmsy5\
scriptfont2=\pyxfontsfc\font\pyxfontssfc=cmsy5\scriptscriptfont2=\pyxfontssfc\f
ont\pyxfonttfd=cmex10\textfont3=\pyxfonttfd\font\pyxfontsfd=cmex10\scriptfont3=
\pyxfontsfd\font\pyxfontssfd=cmex10\scriptscriptfont3=\pyxfontssfd}

*\def\footnotesize{\font\pyxfont=cmr8\pyxfont\font\pyxfonttfa=cmr8\textfont0=\p
yxfonttfa\font\pyxfontsfa=cmr6\scriptfont0=\pyxfontsfa\font\pyxfontssfa=cmr5\sc
riptscriptfont0=\pyxfontssfa\font\pyxfonttfb=cmmi8\textfont1=\pyxfonttfb\font\p
yxfontsfb=cmmi6\scriptfont1=\pyxfontsfb\font\pyxfontssfb=cmmi5\scriptscriptfont
1=\pyxfontssfb\font\pyxfonttfc=cmsy8\textfont2=\pyxfonttfc\font\pyxfontsfc=cmsy
6\scriptfont2=\pyxfontsfc\font\pyxfontssfc=cmsy5\scriptscriptfont2=\pyxfontssfc
\font\pyxfonttfd=cmex10\textfont3=\pyxfonttfd\font\pyxfontsfd=cmex10\scriptfont
3=\pyxfontsfd\font\pyxfontssfd=cmex10\scriptscriptfont3=\pyxfontssfd}

*\def\small{\font\pyxfont=cmr9\pyxfont\font\pyxfonttfa=cmr9\textfont0=\pyxfontt
fa\font\pyxfontsfa=cmr6\scriptfont0=\pyxfontsfa\font\pyxfontssfa=cmr5\scriptscr
iptfont0=\pyxfontssfa\font\pyxfonttfb=cmmi9\textfont1=\pyxfonttfb\font\pyxfonts
fb=cmmi6\scriptfont1=\pyxfontsfb\font\pyxfontssfb=cmmi5\scriptscriptfont1=\pyxf
ontssfb\font\pyxfonttfc=cmsy9\textfont2=\pyxfonttfc\font\pyxfontsfc=cmsy6\scrip
tfont2=\pyxfontsfc\font\pyxfontssfc=cmsy5\scriptscriptfont2=\pyxfontssfc\font\p
yxfonttfd=cmex10\textfont3=\pyxfonttfd\font\pyxfontsfd=cmex10\scriptfont3=\pyxf
ontsfd\font\pyxfontssfd=cmex10\scriptscriptfont3=\pyxfontssfd}

*\def\normalsize{\font\pyxfont=cmr10\pyxfont\font\pyxfonttfa=cmr10\textfont0=\p
yxfonttfa\font\pyxfontsfa=cmr7\scriptfont0=\pyxfontsfa\font\pyxfontssfa=cmr5\sc
riptscriptfont0=\pyxfontssfa\font\pyxfonttfb=cmmi10\textfont1=\pyxfonttfb\font\
pyxfontsfb=cmmi7\scriptfont1=\pyxfontsfb\font\pyxfontssfb=cmmi5\scriptscriptfon
t1=\pyxfontssfb\font\pyxfonttfc=cmsy10\textfont2=\pyxfonttfc\font\pyxfontsfc=cm
sy7\scriptfont2=\pyxfontsfc\font\pyxfontssfc=cmsy5\scriptscriptfont2=\pyxfontss
fc\font\pyxfonttfd=cmex10\textfont3=\pyxfonttfd\font\pyxfontsfd=cmex10\scriptfo
nt3=\pyxfontsfd\font\pyxfontssfd=cmex10\scriptscriptfont3=\pyxfontssfd}

*\def\large{\font\pyxfont=cmr12\pyxfont\font\pyxfonttfa=cmr12\textfont0=\pyxfon
ttfa\font\pyxfontsfa=cmr8\scriptfont0=\pyxfontsfa\font\pyxfontssfa=cmr6\scripts
criptfont0=\pyxfontssfa\font\pyxfonttfb=cmmi12\textfont1=\pyxfonttfb\font\pyxfo
ntsfb=cmmi8\scriptfont1=\pyxfontsfb\font\pyxfontssfb=cmmi6\scriptscriptfont1=\p
yxfontssfb\font\pyxfonttfc=cmsy10 at 12.0pt\textfont2=\pyxfonttfc\font\pyxfonts
fc=cmsy8\scriptfont2=\pyxfontsfc\font\pyxfontssfc=cmsy6\scriptscriptfont2=\pyxf
ontssfc\font\pyxfonttfd=cmex10\textfont3=\pyxfonttfd\font\pyxfontsfd=cmex10\scr
iptfont3=\pyxfontsfd\font\pyxfontssfd=cmex10\scriptscriptfont3=\pyxfontssfd}

*\def\Large{\font\pyxfont=cmr12 at 14.4pt\pyxfont\font\pyxfonttfa=cmr12 at 14.4
pt\textfont0=\pyxfonttfa\font\pyxfontsfa=cmr10\scriptfont0=\pyxfontsfa\font\pyx
fontssfa=cmr7\scriptscriptfont0=\pyxfontssfa\font\pyxfonttfb=cmmi12 at 14.4pt\t
extfont1=\pyxfonttfb\font\pyxfontsfb=cmmi10\scriptfont1=\pyxfontsfb\font\pyxfon
tssfb=cmmi7\scriptscriptfont1=\pyxfontssfb\font\pyxfonttfc=cmsy10 at 14.4pt\tex
tfont2=\pyxfonttfc\font\pyxfontsfc=cmsy10\scriptfont2=\pyxfontsfc\font\pyxfonts
sfc=cmsy7\scriptscriptfont2=\pyxfontssfc\font\pyxfonttfd=cmex10\textfont3=\pyxf
onttfd\font\pyxfontsfd=cmex10\scriptfont3=\pyxfontsfd\font\pyxfontssfd=cmex10\s
criptscriptfont3=\pyxfontssfd}

*\def\LARGE{\font\pyxfont=cmr17\pyxfont\font\pyxfonttfa=cmr17\textfont0=\pyxfon
ttfa\font\pyxfontsfa=cmr12\scriptfont0=\pyxfontsfa\font\pyxfontssfa=cmr10\scrip
tscriptfont0=\pyxfontssfa\font\pyxfonttfb=cmmi12 at 17.28pt\textfont1=\pyxfontt
fb\font\pyxfontsfb=cmmi12\scriptfont1=\pyxfontsfb\font\pyxfontssfb=cmmi10\scrip
tscriptfont1=\pyxfontssfb\font\pyxfonttfc=cmsy10 at 17.28pt\textfont2=\pyxfontt
fc\font\pyxfontsfc=cmsy10 at 12.0pt\scriptfont2=\pyxfontsfc\font\pyxfontssfc=cm
sy10\scriptscriptfont2=\pyxfontssfc\font\pyxfonttfd=cmex10\textfont3=\pyxfonttf
d\font\pyxfontsfd=cmex10\scriptfont3=\pyxfontsfd\font\pyxfontssfd=cmex10\script
scriptfont3=\pyxfontssfd}

*\def\huge{\font\pyxfont=cmr17 at 20.74pt\pyxfont\font\pyxfonttfa=cmr17 at 20.7
4pt\textfont0=\pyxfonttfa\font\pyxfontsfa=cmr12 at 14.4pt\scriptfont0=\pyxfonts
fa\font\pyxfontssfa=cmr12\scriptscriptfont0=\pyxfontssfa\font\pyxfonttfb=cmmi12
 at 20.74pt\textfont1=\pyxfonttfb\font\pyxfontsfb=cmmi12 at 14.4pt\scriptfont1=
\pyxfontsfb\font\pyxfontssfb=cmmi12\scriptscriptfont1=\pyxfontssfb\font\pyxfont
tfc=cmsy10 at 20.74pt\textfont2=\pyxfonttfc\font\pyxfontsfc=cmsy10 at 14.4pt\sc
riptfont2=\pyxfontsfc\font\pyxfontssfc=cmsy10 at 12.0pt\scriptscriptfont2=\pyxf
ontssfc\font\pyxfonttfd=cmex10\textfont3=\pyxfonttfd\font\pyxfontsfd=cmex10\scr
iptfont3=\pyxfontsfd\font\pyxfontssfd=cmex10\scriptscriptfont3=\pyxfontssfd}

*\def\Huge{\font\pyxfont=cmr17 at 24.88pt\pyxfont\font\pyxfonttfa=cmr17 at 24.8
8pt\textfont0=\pyxfonttfa\font\pyxfontsfa=cmr17 at 20.74pt\scriptfont0=\pyxfont
sfa\font\pyxfontssfa=cmr17\scriptscriptfont0=\pyxfontssfa\font\pyxfonttfb=cmmi1
2 at 24.88pt\textfont1=\pyxfonttfb\font\pyxfontsfb=cmmi12 at 20.74pt\scriptfont
1=\pyxfontsfb\font\pyxfontssfb=cmmi12 at 17.28pt\scriptscriptfont1=\pyxfontssfb
\font\pyxfonttfc=cmsy10 at 24.88pt\textfont2=\pyxfonttfc\font\pyxfontsfc=cmsy10
 at 20.74pt\scriptfont2=\pyxfontsfc\font\pyxfontssfc=cmsy10 at 17.28pt\scriptsc
riptfont2=\pyxfontssfc\font\pyxfonttfd=cmex10\textfont3=\pyxfonttfd\font\pyxfon
tsfd=cmex10\scriptfont3=\pyxfontsfd\font\pyxfontssfd=cmex10\scriptscriptfont3=\
pyxfontssfd}

*%

*\PyXInput{2}%
PyXInputMarker:executeid=2:

*\normalsize%

*%

*\PyXInput{3}%
PyXInputMarker:executeid=3:

*\newdimen\linewidth\newdimen\textwidth%
\linewidth=\dimen21
\textwidth=\dimen22

*%

*\PyXInput{4}%
PyXInputMarker:executeid=4:

*\ProcessPyXBox{\Large{}\font\cmssfont=cmss10\cmssfont{Ethernet}%

*}{1}%
PyXBox:page=1,lt=0.0pt,rt=35.83337pt,ht=6.94444pt,dp=0.0pt:
[80.121.88.1]
*\PyXInput{5}%
PyXInputMarker:executeid=5:

*\ProcessPyXBox{\font\cmssfont=cmss10\cmssfont{dst}%

*}{2}%
PyXBox:page=2,lt=0.0pt,rt=12.61111pt,ht=6.94444pt,dp=0.0pt:
[80.121.88.2]
*\PyXInput{6}%
PyXInputMarker:executeid=6:

*\ProcessPyXBox{\font\cmssfont=cmss10\cmssfont{00:50:56:b8:6f:22}%

*}{3}%
PyXBox:page=3,lt=0.0pt,rt=72.11133pt,ht=6.94444pt,dp=0.0pt:
[80.121.88.3]
*\PyXInput{7}%
PyXInputMarker:executeid=7:

*\ProcessPyXBox{\Large{}\tt{00 50 56 b8 6f 22}%

*}{4}%
PyXBox:page=4,lt=0.0pt,rt=89.24922pt,ht=6.11111pt,dp=0.0pt:
[80.121.88.4]
*\PyXInput{8}%
PyXInputMarker:executeid=8:

*\ProcessPyXBox{\font\cmssfont=cmss10\cmssfont{src}%

*}{5}%
PyXBox:page=5,lt=0.0pt,rt=11.69446pt,ht=4.44444pt,dp=0.0pt:
[80.121.88.5]
*\PyXInput{9}%
PyXInputMarker:executeid=9:

*\ProcessPyXBox{\font\cmssfont=cmss10\cmssfont{00:50:56:e4:81:1d}%

*}{6}%
PyXBox:page=6,lt=0.0pt,rt=73.5002pt,ht=6.94444pt,dp=0.0pt:
[80.121.88.6]
*\PyXInput{10}%
PyXInputMarker:executeid=10:

*\ProcessPyXBox{\Large{}\tt{00 50 56 e4 81 1d}%

*}{7}%
PyXBox:page=7,lt=0.0pt,rt=89.24922pt,ht=6.11111pt,dp=0.0pt:
[80.121.88.7]
*\PyXInput{11}%
PyXInputMarker:executeid=11:

*\ProcessPyXBox{\font\cmssfont=cmss10\cmssfont{type}%

*}{8}%
PyXBox:page=8,lt=0.0pt,rt=17.83336pt,ht=5.71431pt,dp=1.94444pt:
[80.121.88.8]
*\PyXInput{12}%
PyXInputMarker:executeid=12:

*\ProcessPyXBox{\font\cmssfont=cmss10\cmssfont{0x800}%

*}{9}%
PyXBox:page=9,lt=0.0pt,rt=24.61119pt,ht=6.55556pt,dp=0.0pt:
[80.121.88.9]
*\PyXInput{13}%
PyXInputMarker:executeid=13:

*\ProcessPyXBox{\Large{}\tt{08 00}%

*}{10}%
PyXBox:page=10,lt=0.0pt,rt=26.24977pt,ht=6.11111pt,dp=0.0pt:
[80.121.88.10]
*\PyXInput{14}%
PyXInputMarker:executeid=14:

*\ProcessPyXBox{\Large{}\font\cmssfont=cmss10\cmssfont{IP}%

*}{11}%
PyXBox:page=11,lt=0.0pt,rt=9.1667pt,ht=6.94444pt,dp=0.0pt:
[80.121.88.11]
*\PyXInput{15}%
PyXInputMarker:executeid=15:

*\ProcessPyXBox{\font\cmssfont=cmss10\cmssfont{version}%

*}{12}%
PyXBox:page=12,lt=0.0pt,rt=28.86116pt,ht=6.79364pt,dp=0.0pt:
[80.121.88.12]
*\PyXInput{16}%
PyXInputMarker:executeid=16:

*\ProcessPyXBox{\font\cmssfont=cmss10\cmssfont{4L}%

*}{13}%
PyXBox:page=13,lt=0.0pt,rt=10.4167pt,ht=6.94444pt,dp=0.0pt:
[80.121.88.13]
*\PyXInput{17}%
PyXInputMarker:executeid=17:

*\ProcessPyXBox{\font\cmssfont=cmss10\cmssfont{ihl}%

*}{14}%
PyXBox:page=14,lt=0.0pt,rt=9.94444pt,ht=6.94444pt,dp=0.0pt:
[80.121.88.14]
*\PyXInput{18}%
PyXInputMarker:executeid=18:

*\ProcessPyXBox{\font\cmssfont=cmss10\cmssfont{5L}%

*}{15}%
PyXBox:page=15,lt=0.0pt,rt=10.4167pt,ht=6.94444pt,dp=0.0pt:
[80.121.88.15]
*\PyXInput{19}%
PyXInputMarker:executeid=19:

*\ProcessPyXBox{\Large{}\tt{45}%

*}{16}%
PyXBox:page=16,lt=0.0pt,rt=10.49991pt,ht=6.11111pt,dp=0.0pt:
[80.121.88.16]
*\PyXInput{20}%
PyXInputMarker:executeid=20:

*\ProcessPyXBox{\font\cmssfont=cmss10\cmssfont{tos}%

*}{17}%
PyXBox:page=17,lt=0.0pt,rt=12.44446pt,ht=5.71431pt,dp=0.0pt:
[80.121.88.17]
*\PyXInput{21}%
PyXInputMarker:executeid=21:

*\ProcessPyXBox{\font\cmssfont=cmss10\cmssfont{0x0}%

*}{18}%
PyXBox:page=18,lt=0.0pt,rt=14.61116pt,ht=6.55556pt,dp=0.0pt:
[80.121.88.18]
*\PyXInput{22}%
PyXInputMarker:executeid=22:

*\ProcessPyXBox{\Large{}\tt{00}%

*}{19}%
PyXBox:page=19,lt=0.0pt,rt=10.49991pt,ht=6.11111pt,dp=0.0pt:
[80.121.88.19]
*\PyXInput{23}%
PyXInputMarker:executeid=23:

*\ProcessPyXBox{\font\cmssfont=cmss10\cmssfont{len}%

*}{20}%
PyXBox:page=20,lt=0.0pt,rt=12.0pt,ht=6.94444pt,dp=0.0pt:
[80.121.88.20]
*\PyXInput{24}%
PyXInputMarker:executeid=24:

*\ProcessPyXBox{\font\cmssfont=cmss10\cmssfont{1420}%

*}{21}%
PyXBox:page=21,lt=0.0pt,rt=20.00006pt,ht=6.55556pt,dp=0.0pt:
[80.121.88.21]
*\PyXInput{25}%
PyXInputMarker:executeid=25:

*\ProcessPyXBox{\Large{}\tt{05 8c}%

*}{22}%
PyXBox:page=22,lt=0.0pt,rt=26.24977pt,ht=6.11111pt,dp=0.0pt:
[80.121.88.22]
*\PyXInput{26}%
PyXInputMarker:executeid=26:

*\ProcessPyXBox{\font\cmssfont=cmss10\cmssfont{id}%

*}{23}%
PyXBox:page=23,lt=0.0pt,rt=7.55556pt,ht=6.94444pt,dp=0.0pt:
[80.121.88.23]
*\PyXInput{27}%
PyXInputMarker:executeid=27:

*\ProcessPyXBox{\font\cmssfont=cmss10\cmssfont{13183}%

*}{24}%
PyXBox:page=24,lt=0.0pt,rt=25.00008pt,ht=6.55556pt,dp=0.0pt:
[80.121.88.24]
*\PyXInput{28}%
PyXInputMarker:executeid=28:

*\ProcessPyXBox{\Large{}\tt{33 7f}%

*}{25}%
PyXBox:page=25,lt=0.0pt,rt=26.24977pt,ht=6.11111pt,dp=0.0pt:
[80.121.88.25]
*\PyXInput{29}%
PyXInputMarker:executeid=29:

*\ProcessPyXBox{\font\cmssfont=cmss10\cmssfont{flags}%

*}{26}%
PyXBox:page=26,lt=0.0pt,rt=19.00003pt,ht=6.94444pt,dp=1.94444pt:
[80.121.88.26]
*\PyXInput{30}%
PyXInputMarker:executeid=30:

*\ProcessPyXBox{\font\cmssfont=cmss10\cmssfont{}%

*}{27}%
PyXBox:page=27,lt=0.0pt,rt=0.0pt,ht=0.0pt,dp=0.0pt:
[80.121.88.27]
*\PyXInput{31}%
PyXInputMarker:executeid=31:

*\ProcessPyXBox{\font\cmssfont=cmss10\cmssfont{frag}%

*}{28}%
PyXBox:page=28,lt=0.0pt,rt=16.27785pt,ht=6.94444pt,dp=1.94444pt:
[80.121.88.28]
*\PyXInput{32}%
PyXInputMarker:executeid=32:

*\ProcessPyXBox{\font\cmssfont=cmss10\cmssfont{0L}%

*}{29}%
PyXBox:page=29,lt=0.0pt,rt=10.4167pt,ht=6.94444pt,dp=0.0pt:
[80.121.88.29]
*\PyXInput{33}%
PyXInputMarker:executeid=33:

*\ProcessPyXBox{\Large{}\tt{00 00}%

*}{30}%
PyXBox:page=30,lt=0.0pt,rt=26.24977pt,ht=6.11111pt,dp=0.0pt:
[80.121.88.30]
*\PyXInput{34}%
PyXInputMarker:executeid=34:

*\ProcessPyXBox{\font\cmssfont=cmss10\cmssfont{ttl}%

*}{31}%
PyXBox:page=31,lt=0.0pt,rt=9.61111pt,ht=6.94444pt,dp=0.0pt:
[80.121.88.31]
*\PyXInput{35}%
PyXInputMarker:executeid=35:

*\ProcessPyXBox{\font\cmssfont=cmss10\cmssfont{128}%

*}{32}%
PyXBox:page=32,lt=0.0pt,rt=15.00005pt,ht=6.55556pt,dp=0.0pt:
[80.121.88.32]
*\PyXInput{36}%
PyXInputMarker:executeid=36:

*\ProcessPyXBox{\Large{}\tt{80}%

*}{33}%
PyXBox:page=33,lt=0.0pt,rt=10.49991pt,ht=6.11111pt,dp=0.0pt:
[80.121.88.33]
*\PyXInput{37}%
PyXInputMarker:executeid=37:

*\ProcessPyXBox{\font\cmssfont=cmss10\cmssfont{proto}%

*}{34}%
PyXBox:page=34,lt=0.0pt,rt=21.91672pt,ht=5.71431pt,dp=1.94444pt:
[80.121.88.34]
*\PyXInput{38}%
PyXInputMarker:executeid=38:

*\ProcessPyXBox{\font\cmssfont=cmss10\cmssfont{tcp}%

*}{35}%
PyXBox:page=35,lt=0.0pt,rt=13.22223pt,ht=5.71431pt,dp=1.94444pt:
[80.121.88.35]
*\PyXInput{39}%
PyXInputMarker:executeid=39:

*\ProcessPyXBox{\Large{}\tt{06}%

*}{36}%
PyXBox:page=36,lt=0.0pt,rt=10.49991pt,ht=6.11111pt,dp=0.0pt:
[80.121.88.36]
*\PyXInput{40}%
PyXInputMarker:executeid=40:

*\ProcessPyXBox{\font\cmssfont=cmss10\cmssfont{chksum}%

*}{37}%
PyXBox:page=37,lt=0.0pt,rt=31.44449pt,ht=6.94444pt,dp=0.0pt:
[80.121.88.37]
*\PyXInput{41}%
PyXInputMarker:executeid=41:

*\ProcessPyXBox{\font\cmssfont=cmss10\cmssfont{0xdb1b}%

*}{38}%
PyXBox:page=38,lt=0.0pt,rt=30.11118pt,ht=6.94444pt,dp=0.0pt:
[80.121.88.38]
*\PyXInput{42}%
PyXInputMarker:executeid=42:

*\ProcessPyXBox{\Large{}\tt{db 1b}%

*}{39}%
PyXBox:page=39,lt=0.0pt,rt=26.24977pt,ht=6.11111pt,dp=0.0pt:
[80.121.88.39]
*\PyXInput{43}%
PyXInputMarker:executeid=43:

*\ProcessPyXBox{\font\cmssfont=cmss10\cmssfont{src}%

*}{40}%
PyXBox:page=40,lt=0.0pt,rt=11.69446pt,ht=4.44444pt,dp=0.0pt:
[80.121.88.40]
*\PyXInput{44}%
PyXInputMarker:executeid=44:

*\ProcessPyXBox{\font\cmssfont=cmss10\cmssfont{114.80.130.88}%

*}{41}%
PyXBox:page=41,lt=0.0pt,rt=58.33351pt,ht=6.55556pt,dp=0.0pt:
[80.121.88.41]
*\PyXInput{45}%
PyXInputMarker:executeid=45:

*\ProcessPyXBox{\Large{}\tt{72 50 82 58}%

*}{42}%
PyXBox:page=42,lt=0.0pt,rt=57.7495pt,ht=6.11111pt,dp=0.0pt:
[80.121.88.42]
*\PyXInput{46}%
PyXInputMarker:executeid=46:

*\ProcessPyXBox{\font\cmssfont=cmss10\cmssfont{dst}%

*}{43}%
PyXBox:page=43,lt=0.0pt,rt=12.61111pt,ht=6.94444pt,dp=0.0pt:
[80.121.88.43]
*\PyXInput{47}%
PyXInputMarker:executeid=47:

*\ProcessPyXBox{\font\cmssfont=cmss10\cmssfont{192.168.113.128}%

*}{44}%
PyXBox:page=44,lt=0.0pt,rt=68.33354pt,ht=6.55556pt,dp=0.0pt:
[80.121.88.44]
*\PyXInput{48}%
PyXInputMarker:executeid=48:

*\ProcessPyXBox{\Large{}\tt{c0 a8}%

*}{45}%
PyXBox:page=45,lt=0.0pt,rt=26.24977pt,ht=6.11111pt,dp=0.0pt:
[80.121.88.45]
*\PyXInput{49}%
PyXInputMarker:executeid=49:

*\ProcessPyXBox{\Large{}\tt{71 80}%

*}{46}%
PyXBox:page=46,lt=0.0pt,rt=26.24977pt,ht=6.11111pt,dp=0.0pt:
[80.121.88.46]
*\PyXInput{50}%
PyXInputMarker:executeid=50:

*\ProcessPyXBox{\font\cmssfont=cmss10\cmssfont{options}%

*}{47}%
PyXBox:page=47,lt=0.0pt,rt=30.1667pt,ht=6.79364pt,dp=1.94444pt:
[80.121.88.47]
*\PyXInput{51}%
PyXInputMarker:executeid=51:

*\ProcessPyXBox{\font\cmssfont=cmss10\cmssfont{[]}%

*}{48}%
PyXBox:page=48,lt=0.0pt,rt=5.77777pt,ht=7.5pt,dp=2.5pt:
[80.121.88.48]
*\PyXInput{52}%
PyXInputMarker:executeid=52:

*\ProcessPyXBox{\Large{}\font\cmssfont=cmss10\cmssfont{TCP}%

*}{49}%
PyXBox:page=49,lt=0.0pt,rt=19.58337pt,ht=6.94444pt,dp=0.0pt:
[80.121.88.49]
*\PyXInput{53}%
PyXInputMarker:executeid=53:

*\ProcessPyXBox{\font\cmssfont=cmss10\cmssfont{sport}%

*}{50}%
PyXBox:page=50,lt=0.0pt,rt=21.02782pt,ht=5.71431pt,dp=1.94444pt:
[80.121.88.50]
*\PyXInput{54}%
PyXInputMarker:executeid=54:

*\ProcessPyXBox{\font\cmssfont=cmss10\cmssfont{http}%

*}{51}%
PyXBox:page=51,lt=0.0pt,rt=17.55557pt,ht=6.94444pt,dp=1.94444pt:
[80.121.88.51]
*\PyXInput{55}%
PyXInputMarker:executeid=55:

*\ProcessPyXBox{\Large{}\tt{00 50}%

*}{52}%
PyXBox:page=52,lt=0.0pt,rt=26.24977pt,ht=6.11111pt,dp=0.0pt:
[80.121.88.52]
*\PyXInput{56}%
PyXInputMarker:executeid=56:

*\ProcessPyXBox{\font\cmssfont=cmss10\cmssfont{dport}%

*}{53}%
PyXBox:page=53,lt=0.0pt,rt=22.36116pt,ht=6.94444pt,dp=1.94444pt:
[80.121.88.53]
*\PyXInput{57}%
PyXInputMarker:executeid=57:

*\ProcessPyXBox{\font\cmssfont=cmss10\cmssfont{41973}%

*}{54}%
PyXBox:page=54,lt=0.0pt,rt=25.00008pt,ht=6.55556pt,dp=0.0pt:
[80.121.88.54]
*\PyXInput{58}%
PyXInputMarker:executeid=58:

*\ProcessPyXBox{\Large{}\tt{a3 f5}%

*}{55}%
PyXBox:page=55,lt=0.0pt,rt=26.24977pt,ht=6.11111pt,dp=0.0pt:
[80.121.88.55]
*\PyXInput{59}%
PyXInputMarker:executeid=59:

*\ProcessPyXBox{\font\cmssfont=cmss10\cmssfont{seq}%

*}{56}%
PyXBox:page=56,lt=0.0pt,rt=13.44444pt,ht=4.44444pt,dp=1.94444pt:
[80.121.88.56]
*\PyXInput{60}%
PyXInputMarker:executeid=60:

*\ProcessPyXBox{\font\cmssfont=cmss10\cmssfont{920855115}%

*}{57}%
PyXBox:page=57,lt=0.0pt,rt=45.00014pt,ht=6.55556pt,dp=0.0pt:
[80.121.88.57]
*\PyXInput{61}%
PyXInputMarker:executeid=61:

*\ProcessPyXBox{\Large{}\tt{36 e3 22 4b}%

*}{58}%
PyXBox:page=58,lt=0.0pt,rt=57.7495pt,ht=6.11111pt,dp=0.0pt:
[80.121.88.58]
*\PyXInput{62}%
PyXInputMarker:executeid=62:

*\ProcessPyXBox{\font\cmssfont=cmss10\cmssfont{ack}%

*}{59}%
PyXBox:page=59,lt=0.0pt,rt=14.13893pt,ht=6.94444pt,dp=0.0pt:
[80.121.88.59]
*\PyXInput{63}%
PyXInputMarker:executeid=63:

*\ProcessPyXBox{\font\cmssfont=cmss10\cmssfont{1324883579}%

*}{60}%
PyXBox:page=60,lt=0.0pt,rt=50.00015pt,ht=6.55556pt,dp=0.0pt:
[80.121.88.60]
*\PyXInput{64}%
PyXInputMarker:executeid=64:

*\ProcessPyXBox{\Large{}\tt{4e f8 1e 7b}%

*}{61}%
PyXBox:page=61,lt=0.0pt,rt=57.7495pt,ht=6.11111pt,dp=0.0pt:
[80.121.88.61]
*\PyXInput{65}%
PyXInputMarker:executeid=65:

*\ProcessPyXBox{\font\cmssfont=cmss10\cmssfont{dataofs}%

*}{62}%
PyXBox:page=62,lt=0.0pt,rt=30.27785pt,ht=6.94444pt,dp=0.0pt:
[80.121.88.62]
*\PyXInput{66}%
PyXInputMarker:executeid=66:

*\ProcessPyXBox{\font\cmssfont=cmss10\cmssfont{5L}%

*}{63}%
PyXBox:page=63,lt=0.0pt,rt=10.4167pt,ht=6.94444pt,dp=0.0pt:
[80.121.88.63]
*\PyXInput{67}%
PyXInputMarker:executeid=67:

*\ProcessPyXBox{\font\cmssfont=cmss10\cmssfont{reserved}%

*}{64}%
PyXBox:page=64,lt=0.0pt,rt=33.77783pt,ht=6.94444pt,dp=0.0pt:
[80.121.88.64]
*\PyXInput{68}%
PyXInputMarker:executeid=68:

*\ProcessPyXBox{\font\cmssfont=cmss10\cmssfont{0L}%

*}{65}%
PyXBox:page=65,lt=0.0pt,rt=10.4167pt,ht=6.94444pt,dp=0.0pt:
[80.121.88.65]
*\PyXInput{69}%
PyXInputMarker:executeid=69:

*\ProcessPyXBox{\Large{}\tt{50}%

*}{66}%
PyXBox:page=66,lt=0.0pt,rt=10.49991pt,ht=6.11111pt,dp=0.0pt:
[80.121.88.66]
*\PyXInput{70}%
PyXInputMarker:executeid=70:

*\ProcessPyXBox{\font\cmssfont=cmss10\cmssfont{flags}%

*}{67}%
PyXBox:page=67,lt=0.0pt,rt=19.00003pt,ht=6.94444pt,dp=1.94444pt:
[80.121.88.67]
*\PyXInput{71}%
PyXInputMarker:executeid=71:

*\ProcessPyXBox{\font\cmssfont=cmss10\cmssfont{PA}%

*}{68}%
PyXBox:page=68,lt=0.0pt,rt=12.22224pt,ht=6.94444pt,dp=0.0pt:
[80.121.88.68]
*\PyXInput{72}%
PyXInputMarker:executeid=72:

*\ProcessPyXBox{\Large{}\tt{18}%

*}{69}%
PyXBox:page=69,lt=0.0pt,rt=10.49991pt,ht=6.11111pt,dp=0.0pt:
[80.121.88.69]
*\PyXInput{73}%
PyXInputMarker:executeid=73:

*\ProcessPyXBox{\font\cmssfont=cmss10\cmssfont{window}%

*}{70}%
PyXBox:page=70,lt=0.0pt,rt=31.11118pt,ht=6.94444pt,dp=0.0pt:
[80.121.88.70]
*\PyXInput{74}%
PyXInputMarker:executeid=74:

*\ProcessPyXBox{\font\cmssfont=cmss10\cmssfont{64240}%

*}{71}%
PyXBox:page=71,lt=0.0pt,rt=25.00008pt,ht=6.55556pt,dp=0.0pt:
[80.121.88.71]
*\PyXInput{75}%
PyXInputMarker:executeid=75:

*\ProcessPyXBox{\Large{}\tt{fa f0}%

*}{72}%
PyXBox:page=72,lt=0.0pt,rt=26.24977pt,ht=6.11111pt,dp=0.0pt:
[80.121.88.72]
*\PyXInput{76}%
PyXInputMarker:executeid=76:

*\ProcessPyXBox{\font\cmssfont=cmss10\cmssfont{chksum}%

*}{73}%
PyXBox:page=73,lt=0.0pt,rt=31.44449pt,ht=6.94444pt,dp=0.0pt:
[80.121.88.73]
*\PyXInput{77}%
PyXInputMarker:executeid=77:

*\ProcessPyXBox{\font\cmssfont=cmss10\cmssfont{0x9e2d}%

*}{74}%
PyXBox:page=74,lt=0.0pt,rt=29.22229pt,ht=6.94444pt,dp=0.0pt:
[80.121.88.74]
*\PyXInput{78}%
PyXInputMarker:executeid=78:

*\ProcessPyXBox{\Large{}\tt{9e 2d}%

*}{75}%
PyXBox:page=75,lt=0.0pt,rt=26.24977pt,ht=6.11111pt,dp=0.0pt:
[80.121.88.75]
*\PyXInput{79}%
PyXInputMarker:executeid=79:

*\ProcessPyXBox{\font\cmssfont=cmss10\cmssfont{urgptr}%

*}{76}%
PyXBox:page=76,lt=0.0pt,rt=25.77785pt,ht=5.71431pt,dp=1.94444pt:
[80.121.88.76]
*\PyXInput{80}%
PyXInputMarker:executeid=80:

*\ProcessPyXBox{\font\cmssfont=cmss10\cmssfont{0}%

*}{77}%
PyXBox:page=77,lt=0.0pt,rt=5.00002pt,ht=6.55556pt,dp=0.0pt:
[80.121.88.77]
*\PyXInput{81}%
PyXInputMarker:executeid=81:

*\ProcessPyXBox{\Large{}\tt{00 00}%

*}{78}%
PyXBox:page=78,lt=0.0pt,rt=26.24977pt,ht=6.11111pt,dp=0.0pt:
[80.121.88.78]
*\PyXInput{82}%
PyXInputMarker:executeid=82:

*\ProcessPyXBox{\font\cmssfont=cmss10\cmssfont{options}%

*}{79}%
PyXBox:page=79,lt=0.0pt,rt=30.1667pt,ht=6.79364pt,dp=1.94444pt:
[80.121.88.79]
*\PyXInput{83}%
PyXInputMarker:executeid=83:

*\ProcessPyXBox{\font\cmssfont=cmss10\cmssfont{[]}%

*}{80}%
PyXBox:page=80,lt=0.0pt,rt=5.77777pt,ht=7.5pt,dp=2.5pt:
[80.121.88.80]
*\PyXInput{84}%
PyXInputMarker:executeid=84:

*\ProcessPyXBox{\Large{}\font\cmssfont=cmss10\cmssfont{Raw}%

*}{81}%
PyXBox:page=81,lt=0.0pt,rt=17.8195pt,ht=6.94444pt,dp=0.0pt:
[80.121.88.81]
*\PyXInput{85}%
PyXInputMarker:executeid=85:

*\ProcessPyXBox{\font\cmssfont=cmss10\cmssfont{load}%

*}{82}%
PyXBox:page=82,lt=0.0pt,rt=17.36115pt,ht=6.94444pt,dp=0.0pt:
[80.121.88.82]
*\PyXInput{86}%
PyXInputMarker:executeid=86:

*\ProcessPyXBox{\font\cmssfont=cmss10\cmssfont{'{\tt\char92}x00{\tt\char92}x06{
\tt\char92}x00{\tt\char92}x00{\tt\char92}[...]}%

*}{83}%
PyXBox:page=83,lt=0.0pt,rt=101.58333pt,ht=7.5pt,dp=2.5pt:
[80.121.88.83]
*\PyXInput{87}%
PyXInputMarker:executeid=87:

*\ProcessPyXBox{\Large{}\tt{00 06 00 00 00 00 00 01 38 42}%

*}{84}%
PyXBox:page=84,lt=0.0pt,rt=152.24867pt,ht=6.11111pt,dp=0.0pt:
[80.121.88.84]
*\PyXInput{88}%
PyXInputMarker:executeid=88:

*\ProcessPyXBox{\Large{}\tt{49 4d 03 f8 00 00 00 00 00 70 00 00 ff ff ff ff}%

*}{85}%
PyXBox:page=85,lt=0.0pt,rt=246.74785pt,ht=6.11111pt,dp=0.0pt:
[80.121.88.85]
*\PyXInput{89}%
PyXInputMarker:executeid=89:

*\ProcessPyXBox{\Large{}\tt{ff ff ff ff ff ff ff ff ff ff ff ff ff ff ff ff}%

*}{86}%
PyXBox:page=86,lt=0.0pt,rt=246.74785pt,ht=6.11111pt,dp=0.0pt:
[80.121.88.86]
*\PyXInput{90}%
PyXInputMarker:executeid=90:

*\ProcessPyXBox{\Large{}\tt{ff ff 03 e8 00 00 00 00 ff ff ff ff ff ff ff ff}%

*}{87}%
PyXBox:page=87,lt=0.0pt,rt=246.74785pt,ht=6.11111pt,dp=0.0pt:
[80.121.88.87]
*\PyXInput{91}%
PyXInputMarker:executeid=91:

*\ProcessPyXBox{\Large{}\tt{ff ff ff ff ff ff ff ff ff ff ff ff ff ff 03 e8}%

*}{88}%
PyXBox:page=88,lt=0.0pt,rt=246.74785pt,ht=6.11111pt,dp=0.0pt:
[80.121.88.88]
*\PyXInput{92}%
PyXInputMarker:executeid=92:

*\ProcessPyXBox{\Large{}\tt{00 00 00 00 ff ff ff ff ff ff ff ff ff ff ff ff}%

*}{89}%
PyXBox:page=89,lt=0.0pt,rt=246.74785pt,ht=6.11111pt,dp=0.0pt:
[80.121.88.89]
*\PyXInput{93}%
PyXInputMarker:executeid=93:

*\ProcessPyXBox{\Large{}\tt{ff ff ff ff ff ff ff ff ff ff 03 e8 00 00 00 00}%

*}{90}%
PyXBox:page=90,lt=0.0pt,rt=246.74785pt,ht=6.11111pt,dp=0.0pt:
[80.121.88.90]
*\PyXInput{94}%
PyXInputMarker:executeid=94:

*\ProcessPyXBox{\Large{}\tt{ff ff ff ff ff ff ff ff ff ff ff ff ff ff ff ff}%

*}{91}%
PyXBox:page=91,lt=0.0pt,rt=246.74785pt,ht=6.11111pt,dp=0.0pt:
[80.121.88.91]
*\PyXInput{95}%
PyXInputMarker:executeid=95:

*\ProcessPyXBox{\Large{}\tt{ff ff ff ff ff ff 03 e8 00 00 38 42 49 4d 04 08}%

*}{92}%
PyXBox:page=92,lt=0.0pt,rt=246.74785pt,ht=6.11111pt,dp=0.0pt:
[80.121.88.92]
*\PyXInput{96}%
PyXInputMarker:executeid=96:

*\ProcessPyXBox{\Large{}\tt{00 00 00 00 00 10 00 00 00 01 00 00 02 40 00 00}%

*}{93}%
PyXBox:page=93,lt=0.0pt,rt=246.74785pt,ht=6.11111pt,dp=0.0pt:
[80.121.88.93]
*\PyXInput{97}%
PyXInputMarker:executeid=97:

*\ProcessPyXBox{\Large{}\tt{02 40 00 00 00 00 38 42 49 4d 04 1e 00 00 00 00}%

*}{94}%
PyXBox:page=94,lt=0.0pt,rt=246.74785pt,ht=6.11111pt,dp=0.0pt:
[80.121.88.94]
*\PyXInput{98}%
PyXInputMarker:executeid=98:

*\ProcessPyXBox{\Large{}\tt{00 04 00 00 00 00 38 42 49 4d 04 1a 00 00 00 00}%

*}{95}%
PyXBox:page=95,lt=0.0pt,rt=246.74785pt,ht=6.11111pt,dp=0.0pt:
[80.121.88.95]
*\PyXInput{99}%
PyXInputMarker:executeid=99:

*\ProcessPyXBox{\Large{}\tt{03 4d 00 00 00 06 00 00 00 00 00 00 00 00 00 00}%

*}{96}%
PyXBox:page=96,lt=0.0pt,rt=246.74785pt,ht=6.11111pt,dp=0.0pt:
[80.121.88.96]
*\PyXInput{100}%
PyXInputMarker:executeid=100:

*\ProcessPyXBox{\Large{}\tt{00 46 00 00 00 62 00 00 00 0c 00 49 00 6d 00 67}%

*}{97}%
PyXBox:page=97,lt=0.0pt,rt=246.74785pt,ht=6.11111pt,dp=0.0pt:
[80.121.88.97]
*\PyXInput{101}%
PyXInputMarker:executeid=101:

*\ProcessPyXBox{\Large{}\tt{00 38 00 31 00 34 00 30 00 34 00 39 00 36 00 5f}%

*}{98}%
PyXBox:page=98,lt=0.0pt,rt=246.74785pt,ht=6.11111pt,dp=0.0pt:
[80.121.88.98]
*\PyXInput{102}%
PyXInputMarker:executeid=102:

*\ProcessPyXBox{\Large{}\tt{00 6e 00 00 00 01 00 00 00 00 00 00 00 00 00 00}%

*}{99}%
PyXBox:page=99,lt=0.0pt,rt=246.74785pt,ht=6.11111pt,dp=0.0pt:
[80.121.88.99]
*\PyXInput{103}%
PyXInputMarker:executeid=103:

*\ProcessPyXBox{\Large{}\tt{00 00 00 00 00 00 00 00 00 01 00 00 00 00 00 00}%

*}{100}%
PyXBox:page=100,lt=0.0pt,rt=246.74785pt,ht=6.11111pt,dp=0.0pt:
[80.121.88.100]
*\PyXInput{104}%
PyXInputMarker:executeid=104:

*\ProcessPyXBox{\Large{}\tt{00 00 00 00 00 62 00 00 00 46 00 00 00 00 00 00}%

*}{101}%
PyXBox:page=101,lt=0.0pt,rt=246.74785pt,ht=6.11111pt,dp=0.0pt:
[80.121.88.101]
*\PyXInput{105}%
PyXInputMarker:executeid=105:

*\ProcessPyXBox{\Large{}\tt{00 00 00 00 00 00 00 00 00 00 01 00 00 00 00 00}%

*}{102}%
PyXBox:page=102,lt=0.0pt,rt=246.74785pt,ht=6.11111pt,dp=0.0pt:
[80.121.88.102]
*\PyXInput{106}%
PyXInputMarker:executeid=106:

*\ProcessPyXBox{\Large{}\tt{00 00 00 00 00 00 00 00 00 00 00 00 00 00 10 00}%

*}{103}%
PyXBox:page=103,lt=0.0pt,rt=246.74785pt,ht=6.11111pt,dp=0.0pt:
[80.121.88.103]
*\PyXInput{107}%
PyXInputMarker:executeid=107:

*\ProcessPyXBox{\Large{}\tt{00 00 01 00 00 00 00 00 00 6e 75 6c 6c 00 00 00}%

*}{104}%
PyXBox:page=104,lt=0.0pt,rt=246.74785pt,ht=6.11111pt,dp=0.0pt:
[80.121.88.104]
*\PyXInput{108}%
PyXInputMarker:executeid=108:

*\ProcessPyXBox{\Large{}\tt{02 00 00 00 06 62 6f 75 6e 64 73 4f 62 6a 63 00}%

*}{105}%
PyXBox:page=105,lt=0.0pt,rt=246.74785pt,ht=6.11111pt,dp=0.0pt:
[80.121.88.105]
*\PyXInput{109}%
PyXInputMarker:executeid=109:

*\ProcessPyXBox{\Large{}\tt{00 00 01 00 00 00 00 00 00 52 63 74 31 00 00 00}%

*}{106}%
PyXBox:page=106,lt=0.0pt,rt=246.74785pt,ht=6.11111pt,dp=0.0pt:
[80.121.88.106]
*\PyXInput{110}%
PyXInputMarker:executeid=110:

*\ProcessPyXBox{\Large{}\tt{04 00 00 00 00 54 6f 70 20 6c 6f 6e 67 00 00 00}%

*}{107}%
PyXBox:page=107,lt=0.0pt,rt=246.74785pt,ht=6.11111pt,dp=0.0pt:
[80.121.88.107]
*\PyXInput{111}%
PyXInputMarker:executeid=111:

*\ProcessPyXBox{\Large{}\tt{00 00 00 00 00 4c 65 66 74 6c 6f 6e 67 00 00 00}%

*}{108}%
PyXBox:page=108,lt=0.0pt,rt=246.74785pt,ht=6.11111pt,dp=0.0pt:
[80.121.88.108]
*\PyXInput{112}%
PyXInputMarker:executeid=112:

*\ProcessPyXBox{\Large{}\tt{00 00 00 00 00 42 74 6f 6d 6c 6f 6e 67 00 00 00}%

*}{109}%
PyXBox:page=109,lt=0.0pt,rt=246.74785pt,ht=6.11111pt,dp=0.0pt:
[80.121.88.109]
*\PyXInput{113}%
PyXInputMarker:executeid=113:

*\ProcessPyXBox{\Large{}\tt{46 00 00 00 00 52 67 68 74 6c 6f 6e 67 00 00 00}%

*}{110}%
PyXBox:page=110,lt=0.0pt,rt=246.74785pt,ht=6.11111pt,dp=0.0pt:
[80.121.88.110]
*\PyXInput{114}%
PyXInputMarker:executeid=114:

*\ProcessPyXBox{\Large{}\tt{62 00 00 00 06 73 6c 69 63 65 73 56 6c 4c 73 00}%

*}{111}%
PyXBox:page=111,lt=0.0pt,rt=246.74785pt,ht=6.11111pt,dp=0.0pt:
[80.121.88.111]
*\PyXInput{115}%
PyXInputMarker:executeid=115:

*\ProcessPyXBox{\Large{}\tt{00 00 01 4f 62 6a 63 00 00 00 01 00 00 00 00 00}%

*}{112}%
PyXBox:page=112,lt=0.0pt,rt=246.74785pt,ht=6.11111pt,dp=0.0pt:
[80.121.88.112]
*\PyXInput{116}%
PyXInputMarker:executeid=116:

*\ProcessPyXBox{\Large{}\tt{05 73 6c 69 63 65 00 00 00 12 00 00 00 07 73 6c}%

*}{113}%
PyXBox:page=113,lt=0.0pt,rt=246.74785pt,ht=6.11111pt,dp=0.0pt:
[80.121.88.113]
*\PyXInput{117}%
PyXInputMarker:executeid=117:

*\ProcessPyXBox{\Large{}\tt{69 63 65 49 44 6c 6f 6e 67 00 00 00 00 00 00 00}%

*}{114}%
PyXBox:page=114,lt=0.0pt,rt=246.74785pt,ht=6.11111pt,dp=0.0pt:
[80.121.88.114]
*\PyXInput{118}%
PyXInputMarker:executeid=118:

*\ProcessPyXBox{\Large{}\tt{07 67 72 6f 75 70 49 44 6c 6f 6e 67 00 00 00 00}%

*}{115}%
PyXBox:page=115,lt=0.0pt,rt=246.74785pt,ht=6.11111pt,dp=0.0pt:
[80.121.88.115]
*\PyXInput{119}%
PyXInputMarker:executeid=119:

*\ProcessPyXBox{\Large{}\tt{00 00 00 06 6f 72 69 67 69 6e 65 6e 75 6d 00 00}%

*}{116}%
PyXBox:page=116,lt=0.0pt,rt=246.74785pt,ht=6.11111pt,dp=0.0pt:
[80.121.88.116]
*\PyXInput{120}%
PyXInputMarker:executeid=120:

*\ProcessPyXBox{\Large{}\tt{00 0c 45 53 6c 69 63 65 4f 72 69 67 69 6e 00 00}%

*}{117}%
PyXBox:page=117,lt=0.0pt,rt=246.74785pt,ht=6.11111pt,dp=0.0pt:
[80.121.88.117]
*\PyXInput{121}%
PyXInputMarker:executeid=121:

*\ProcessPyXBox{\Large{}\tt{00 0d 61 75 74 6f 47 65 6e 65 72 61 74 65 64 00}%

*}{118}%
PyXBox:page=118,lt=0.0pt,rt=246.74785pt,ht=6.11111pt,dp=0.0pt:
[80.121.88.118]
*\PyXInput{122}%
PyXInputMarker:executeid=122:

*\ProcessPyXBox{\Large{}\tt{00 00 00 54 79 70 65 65 6e 75 6d 00 00 00 0a 45}%

*}{119}%
PyXBox:page=119,lt=0.0pt,rt=246.74785pt,ht=6.11111pt,dp=0.0pt:
[80.121.88.119]
*\PyXInput{123}%
PyXInputMarker:executeid=123:

*\ProcessPyXBox{\Large{}\tt{53 6c 69 63 65 54 79 70 65 00 00 00 00 49 6d 67}%

*}{120}%
PyXBox:page=120,lt=0.0pt,rt=246.74785pt,ht=6.11111pt,dp=0.0pt:
[80.121.88.120]
*\PyXInput{124}%
PyXInputMarker:executeid=124:

*\ProcessPyXBox{\Large{}\tt{20 00 00 00 06 62 6f 75 6e 64 73 4f 62 6a 63 00}%

*}{121}%
PyXBox:page=121,lt=0.0pt,rt=246.74785pt,ht=6.11111pt,dp=0.0pt:
[80.121.88.121]
*\PyXInput{125}%
PyXInputMarker:executeid=125:

*\ProcessPyXBox{\Large{}\tt{00 00 01 00 00 00 00 00 00 52 63 74 31 00 00 00}%

*}{122}%
PyXBox:page=122,lt=0.0pt,rt=246.74785pt,ht=6.11111pt,dp=0.0pt:
[80.121.88.122]
*\PyXInput{126}%
PyXInputMarker:executeid=126:

*\ProcessPyXBox{\Large{}\tt{04 00 00 00 00 54 6f 70 20 6c 6f 6e 67 00 00 00}%

*}{123}%
PyXBox:page=123,lt=0.0pt,rt=246.74785pt,ht=6.11111pt,dp=0.0pt:
[80.121.88.123]
*\PyXInput{127}%
PyXInputMarker:executeid=127:

*\ProcessPyXBox{\Large{}\tt{00 00 00 00 00 4c 65 66 74 6c 6f 6e 67 00 00 00}%

*}{124}%
PyXBox:page=124,lt=0.0pt,rt=246.74785pt,ht=6.11111pt,dp=0.0pt:
[80.121.88.124]
*\PyXInput{128}%
PyXInputMarker:executeid=128:

*\ProcessPyXBox{\Large{}\tt{00 00 00 00 00 42 74 6f 6d 6c 6f 6e 67 00 00 00}%

*}{125}%
PyXBox:page=125,lt=0.0pt,rt=246.74785pt,ht=6.11111pt,dp=0.0pt:
[80.121.88.125]
*\PyXInput{129}%
PyXInputMarker:executeid=129:

*\ProcessPyXBox{\Large{}\tt{46 00 00 00 00 52 67 68 74 6c 6f 6e 67 00 00 00}%

*}{126}%
PyXBox:page=126,lt=0.0pt,rt=246.74785pt,ht=6.11111pt,dp=0.0pt:
[80.121.88.126]
*\PyXInput{130}%
PyXInputMarker:executeid=130:

*\ProcessPyXBox{\Large{}\tt{62 00 00 00 03 75 72 6c 54 45 58 54 00 00 00 01}%

*}{127}%
PyXBox:page=127,lt=0.0pt,rt=246.74785pt,ht=6.11111pt,dp=0.0pt:
[80.121.88.127]
*\PyXInput{131}%
PyXInputMarker:executeid=131:

*\ProcessPyXBox{\Large{}\tt{00 00 00 00 00 00 6e 75 6c 6c 54 45 58 54 00 00}%

*}{128}%
PyXBox:page=128,lt=0.0pt,rt=246.74785pt,ht=6.11111pt,dp=0.0pt:
[80.121.88.128]
*\PyXInput{132}%
PyXInputMarker:executeid=132:

*\ProcessPyXBox{\Large{}\tt{00 01 00 00 00 00 00 00 4d 73 67 65 54 45 58 54}%

*}{129}%
PyXBox:page=129,lt=0.0pt,rt=246.74785pt,ht=6.11111pt,dp=0.0pt:
[80.121.88.129]
*\PyXInput{133}%
PyXInputMarker:executeid=133:

*\ProcessPyXBox{\Large{}\tt{00 00 00 01 00 00 00 00 00 06 61 6c 74 54 61 67}%

*}{130}%
PyXBox:page=130,lt=0.0pt,rt=246.74785pt,ht=6.11111pt,dp=0.0pt:
[80.121.88.130]
*\PyXInput{134}%
PyXInputMarker:executeid=134:

*\ProcessPyXBox{\Large{}\tt{54 45 58 54 00 00 00 01 00 00 00 00 00 0e 63 65}%

*}{131}%
PyXBox:page=131,lt=0.0pt,rt=246.74785pt,ht=6.11111pt,dp=0.0pt:
[80.121.88.131]
*\PyXInput{135}%
PyXInputMarker:executeid=135:

*\ProcessPyXBox{\Large{}\tt{6c 6c 54 65 78 74 49 73 48 54 4d 4c 62 6f 6f 6c}%

*}{132}%
PyXBox:page=132,lt=0.0pt,rt=246.74785pt,ht=6.11111pt,dp=0.0pt:
[80.121.88.132]
*\PyXInput{136}%
PyXInputMarker:executeid=136:

*\ProcessPyXBox{\Large{}\tt{01 00 00 00 08 63 65 6c 6c 54 65 78 74 54 45 58}%

*}{133}%
PyXBox:page=133,lt=0.0pt,rt=246.74785pt,ht=6.11111pt,dp=0.0pt:
[80.121.88.133]
*\PyXInput{137}%
PyXInputMarker:executeid=137:

*\ProcessPyXBox{\Large{}\tt{54 00 00 00 01 00 00 00 00 00 09 68 6f 72 7a 41}%

*}{134}%
PyXBox:page=134,lt=0.0pt,rt=246.74785pt,ht=6.11111pt,dp=0.0pt:
[80.121.88.134]
*\PyXInput{138}%
PyXInputMarker:executeid=138:

*\ProcessPyXBox{\Large{}\tt{6c 69 67 6e 65 6e 75 6d 00 00 00 0f 45 53 6c 69}%

*}{135}%
PyXBox:page=135,lt=0.0pt,rt=246.74785pt,ht=6.11111pt,dp=0.0pt:
[80.121.88.135]
*\PyXInput{139}%
PyXInputMarker:executeid=139:

*\ProcessPyXBox{\Large{}\tt{63 65 48 6f 72 7a 41 6c 69 67 6e 00 00 00 07 64}%

*}{136}%
PyXBox:page=136,lt=0.0pt,rt=246.74785pt,ht=6.11111pt,dp=0.0pt:
[80.121.88.136]
*\PyXInput{140}%
PyXInputMarker:executeid=140:

*\ProcessPyXBox{\Large{}\tt{65 66 61 75 6c 74 00 00 00 09 76 65 72 74 41 6c}%

*}{137}%
PyXBox:page=137,lt=0.0pt,rt=246.74785pt,ht=6.11111pt,dp=0.0pt:
[80.121.88.137]
*\PyXInput{141}%
PyXInputMarker:executeid=141:

*\ProcessPyXBox{\Large{}\tt{69 67 6e 65 6e 75 6d 00 00 00 0f 45 53 6c 69 63}%

*}{138}%
PyXBox:page=138,lt=0.0pt,rt=246.74785pt,ht=6.11111pt,dp=0.0pt:
[80.121.88.138]
*\PyXInput{142}%
PyXInputMarker:executeid=142:

*\ProcessPyXBox{\Large{}\tt{65 56 65 72 74 41 6c 69 67 6e 00 00 00 07 64 65}%

*}{139}%
PyXBox:page=139,lt=0.0pt,rt=246.74785pt,ht=6.11111pt,dp=0.0pt:
[80.121.88.139]
*\PyXInput{143}%
PyXInputMarker:executeid=143:

*\ProcessPyXBox{\Large{}\tt{66 61 75 6c 74 00 00 00 0b 62 67 43 6f 6c 6f 72}%

*}{140}%
PyXBox:page=140,lt=0.0pt,rt=246.74785pt,ht=6.11111pt,dp=0.0pt:
[80.121.88.140]
*\PyXInput{144}%
PyXInputMarker:executeid=144:

*\ProcessPyXBox{\Large{}\tt{54 79 70 65 65 6e 75 6d 00 00 00 11 45 53 6c 69}%

*}{141}%
PyXBox:page=141,lt=0.0pt,rt=246.74785pt,ht=6.11111pt,dp=0.0pt:
[80.121.88.141]
*\PyXInput{145}%
PyXInputMarker:executeid=145:

*\ProcessPyXBox{\Large{}\tt{63 65 42 47 43 6f 6c 6f 72 54 79 70 65 00 00 00}%

*}{142}%
PyXBox:page=142,lt=0.0pt,rt=246.74785pt,ht=6.11111pt,dp=0.0pt:
[80.121.88.142]
*\PyXInput{146}%
PyXInputMarker:executeid=146:

*\ProcessPyXBox{\Large{}\tt{00 4e 6f 6e 65 00 00 00 09 74 6f 70 4f 75 74 73}%

*}{143}%
PyXBox:page=143,lt=0.0pt,rt=246.74785pt,ht=6.11111pt,dp=0.0pt:
[80.121.88.143]
*\PyXInput{147}%
PyXInputMarker:executeid=147:

*\ProcessPyXBox{\Large{}\tt{65 74 6c 6f 6e 67 00 00 00 00 00 00 00 0a 6c 65}%

*}{144}%
PyXBox:page=144,lt=0.0pt,rt=246.74785pt,ht=6.11111pt,dp=0.0pt:
[80.121.88.144]
*\PyXInput{148}%
PyXInputMarker:executeid=148:

*\ProcessPyXBox{\Large{}\tt{66 74 4f 75 74 73 65 74 6c 6f 6e 67 00 00 00 00}%

*}{145}%
PyXBox:page=145,lt=0.0pt,rt=246.74785pt,ht=6.11111pt,dp=0.0pt:
[80.121.88.145]
*\PyXInput{149}%
PyXInputMarker:executeid=149:

*\ProcessPyXBox{\Large{}\tt{00 00 00 0c 62 6f 74 74 6f 6d 4f 75 74 73 65 74}%

*}{146}%
PyXBox:page=146,lt=0.0pt,rt=246.74785pt,ht=6.11111pt,dp=0.0pt:
[80.121.88.146]
*\PyXInput{150}%
PyXInputMarker:executeid=150:

*\ProcessPyXBox{\Large{}\tt{6c 6f 6e 67 00 00 00 00 00 00 00 0b 72 69 67 68}%

*}{147}%
PyXBox:page=147,lt=0.0pt,rt=246.74785pt,ht=6.11111pt,dp=0.0pt:
[80.121.88.147]
*\PyXInput{151}%
PyXInputMarker:executeid=151:

*\ProcessPyXBox{\Large{}\tt{74 4f 75 74 73 65 74 6c 6f 6e 67 00 00 00 00 00}%

*}{148}%
PyXBox:page=148,lt=0.0pt,rt=246.74785pt,ht=6.11111pt,dp=0.0pt:
[80.121.88.148]
*\PyXInput{152}%
PyXInputMarker:executeid=152:

*\ProcessPyXBox{\Large{}\tt{38 42 49 4d 04 28 00 00 00 00 00 0c 00 00 00 02}%

*}{149}%
PyXBox:page=149,lt=0.0pt,rt=246.74785pt,ht=6.11111pt,dp=0.0pt:
[80.121.88.149]
*\PyXInput{153}%
PyXInputMarker:executeid=153:

*\ProcessPyXBox{\Large{}\tt{3f f0 00 00 00 00 00 00 38 42 49 4d 04 11 00 00}%

*}{150}%
PyXBox:page=150,lt=0.0pt,rt=246.74785pt,ht=6.11111pt,dp=0.0pt:
[80.121.88.150]
*\PyXInput{154}%
PyXInputMarker:executeid=154:

*\ProcessPyXBox{\Large{}\tt{00 00 00 01 01 00 38 42 49 4d 04 14 00 00 00 00}%

*}{151}%
PyXBox:page=151,lt=0.0pt,rt=246.74785pt,ht=6.11111pt,dp=0.0pt:
[80.121.88.151]
*\PyXInput{155}%
PyXInputMarker:executeid=155:

*\ProcessPyXBox{\Large{}\tt{00 04 00 00 00 01 38 42 49 4d 04 0c 00 00 00 00}%

*}{152}%
PyXBox:page=152,lt=0.0pt,rt=246.74785pt,ht=6.11111pt,dp=0.0pt:
[80.121.88.152]
*\PyXInput{156}%
PyXInputMarker:executeid=156:

*\ProcessPyXBox{\Large{}\tt{09 e2 00 00 00 01 00 00 00 62 00 00 00 46 00 00}%

*}{153}%
PyXBox:page=153,lt=0.0pt,rt=246.74785pt,ht=6.11111pt,dp=0.0pt:
[80.121.88.153]
*\PyXInput{157}%
PyXInputMarker:executeid=157:

*\ProcessPyXBox{\Large{}\tt{01 28 00 00 50 f0 00 00 09 c6 00 18 00 01 ff d8}%

*}{154}%
PyXBox:page=154,lt=0.0pt,rt=246.74785pt,ht=6.11111pt,dp=0.0pt:
[80.121.88.154]
*\PyXInput{158}%
PyXInputMarker:executeid=158:

*\ProcessPyXBox{\Large{}\tt{ff ed 00 0c 41 64 6f 62 65 5f 43 4d 00 02 ff ee}%

*}{155}%
PyXBox:page=155,lt=0.0pt,rt=246.74785pt,ht=6.11111pt,dp=0.0pt:
[80.121.88.155]
*\PyXInput{159}%
PyXInputMarker:executeid=159:

*\ProcessPyXBox{\Large{}\tt{00 0e 41 64 6f 62 65 00 64 80 00 00 00 01 ff db}%

*}{156}%
PyXBox:page=156,lt=0.0pt,rt=246.74785pt,ht=6.11111pt,dp=0.0pt:
[80.121.88.156]
*\PyXInput{160}%
PyXInputMarker:executeid=160:

*\ProcessPyXBox{\Large{}\tt{00 84 00 0c 08 08 08 09 08 0c 09 09 0c 11 0b 0a}%

*}{157}%
PyXBox:page=157,lt=0.0pt,rt=246.74785pt,ht=6.11111pt,dp=0.0pt:
[80.121.88.157]
*\PyXInput{161}%
PyXInputMarker:executeid=161:

*\ProcessPyXBox{\Large{}\tt{0b 11 15 0f 0c 0c 0f 15 18 13 13 15 13 13 18 11}%

*}{158}%
PyXBox:page=158,lt=0.0pt,rt=246.74785pt,ht=6.11111pt,dp=0.0pt:
[80.121.88.158]
*\PyXInput{162}%
PyXInputMarker:executeid=162:

*\ProcessPyXBox{\Large{}\tt{0c 0c 0c 0c 0c 0c 11 0c 0c 0c 0c 0c 0c 0c 0c 0c}%

*}{159}%
PyXBox:page=159,lt=0.0pt,rt=246.74785pt,ht=6.11111pt,dp=0.0pt:
[80.121.88.159]
*\PyXInput{163}%
PyXInputMarker:executeid=163:

*\ProcessPyXBox{\Large{}\tt{0c 0c 0c 0c 0c 0c 0c 0c 0c 0c 0c 0c 0c 0c 0c 0c}%

*}{160}%
PyXBox:page=160,lt=0.0pt,rt=246.74785pt,ht=6.11111pt,dp=0.0pt:
[80.121.88.160]
*\PyXInput{164}%
PyXInputMarker:executeid=164:

*\ProcessPyXBox{\Large{}\tt{0c 0c 0c 01 0d 0b 0b 0d 0e 0d 10 0e 0e 10 14 0e}%

*}{161}%
PyXBox:page=161,lt=0.0pt,rt=246.74785pt,ht=6.11111pt,dp=0.0pt:
[80.121.88.161]
*\PyXInput{165}%
PyXInputMarker:executeid=165:

*\ProcessPyXBox{\Large{}\tt{0e 0e 14 14 0e 0e 0e 0e 14 11 0c 0c 0c 0c 0c 11}%

*}{162}%
PyXBox:page=162,lt=0.0pt,rt=246.74785pt,ht=6.11111pt,dp=0.0pt:
[80.121.88.162]
*\PyXInput{166}%
PyXInputMarker:execute